{"name":"testYandexMarketTaskStep()","status":"failed","statusDetails":{"known":false,"muted":false,"flaky":false,"message":"В выборке не все телефоны","trace":"java.lang.AssertionError: В выборке не все телефоны\r\n\tat org.junit.Assert.fail(Assert.java:89)\r\n\tat org.junit.Assert.assertTrue(Assert.java:42)\r\n\tat test.ui.com.google.Steps.checkSearch(Steps.java:23)\r\n\tat test.ui.com.google.Tests.testYandexMarketTaskStep(Tests.java:25)\r\n\tat java.base/jdk.internal.reflect.NativeMethodAccessorImpl.invoke0(Native Method)\r\n\tat java.base/jdk.internal.reflect.NativeMethodAccessorImpl.invoke(NativeMethodAccessorImpl.java:62)\r\n\tat java.base/jdk.internal.reflect.DelegatingMethodAccessorImpl.invoke(DelegatingMethodAccessorImpl.java:43)\r\n\tat java.base/java.lang.reflect.Method.invoke(Method.java:567)\r\n\tat org.junit.platform.commons.util.ReflectionUtils.invokeMethod(ReflectionUtils.java:686)\r\n\tat org.junit.jupiter.engine.execution.MethodInvocation.proceed(MethodInvocation.java:60)\r\n\tat org.junit.jupiter.engine.execution.InvocationInterceptorChain$ValidatingInvocation.proceed(InvocationInterceptorChain.java:131)\r\n\tat org.junit.jupiter.engine.extension.TimeoutExtension.intercept(TimeoutExtension.java:149)\r\n\tat org.junit.jupiter.engine.extension.TimeoutExtension.interceptTestableMethod(TimeoutExtension.java:140)\r\n\tat org.junit.jupiter.engine.extension.TimeoutExtension.interceptTestMethod(TimeoutExtension.java:84)\r\n\tat org.junit.jupiter.engine.execution.ExecutableInvoker$ReflectiveInterceptorCall.lambda$ofVoidMethod$0(ExecutableInvoker.java:115)\r\n\tat org.junit.jupiter.engine.execution.ExecutableInvoker.lambda$invoke$0(ExecutableInvoker.java:105)\r\n\tat org.junit.jupiter.engine.execution.InvocationInterceptorChain$InterceptedInvocation.proceed(InvocationInterceptorChain.java:106)\r\n\tat org.junit.jupiter.engine.execution.InvocationInterceptorChain.proceed(InvocationInterceptorChain.java:64)\r\n\tat org.junit.jupiter.engine.execution.InvocationInterceptorChain.chainAndInvoke(InvocationInterceptorChain.java:45)\r\n\tat org.junit.jupiter.engine.execution.InvocationInterceptorChain.invoke(InvocationInterceptorChain.java:37)\r\n\tat org.junit.jupiter.engine.execution.ExecutableInvoker.invoke(ExecutableInvoker.java:104)\r\n\tat org.junit.jupiter.engine.execution.ExecutableInvoker.invoke(ExecutableInvoker.java:98)\r\n\tat org.junit.jupiter.engine.descriptor.TestMethodTestDescriptor.lambda$invokeTestMethod$6(TestMethodTestDescriptor.java:212)\r\n\tat org.junit.platform.engine.support.hierarchical.ThrowableCollector.execute(ThrowableCollector.java:73)\r\n\tat org.junit.jupiter.engine.descriptor.TestMethodTestDescriptor.invokeTestMethod(TestMethodTestDescriptor.java:208)\r\n\tat org.junit.jupiter.engine.descriptor.TestMethodTestDescriptor.execute(TestMethodTestDescriptor.java:137)\r\n\tat org.junit.jupiter.engine.descriptor.TestMethodTestDescriptor.execute(TestMethodTestDescriptor.java:71)\r\n\tat org.junit.platform.engine.support.hierarchical.NodeTestTask.lambda$executeRecursively$5(NodeTestTask.java:135)\r\n\tat org.junit.platform.engine.support.hierarchical.ThrowableCollector.execute(ThrowableCollector.java:73)\r\n\tat org.junit.platform.engine.support.hierarchical.NodeTestTask.lambda$executeRecursively$7(NodeTestTask.java:125)\r\n\tat org.junit.platform.engine.support.hierarchical.Node.around(Node.java:135)\r\n\tat org.junit.platform.engine.support.hierarchical.NodeTestTask.lambda$executeRecursively$8(NodeTestTask.java:123)\r\n\tat org.junit.platform.engine.support.hierarchical.ThrowableCollector.execute(ThrowableCollector.java:73)\r\n\tat org.junit.platform.engine.support.hierarchical.NodeTestTask.executeRecursively(NodeTestTask.java:122)\r\n\tat org.junit.platform.engine.support.hierarchical.NodeTestTask.execute(NodeTestTask.java:80)\r\n\tat java.base/java.util.ArrayList.forEach(ArrayList.java:1507)\r\n\tat org.junit.platform.engine.support.hierarchical.SameThreadHierarchicalTestExecutorService.invokeAll(SameThreadHierarchicalTestExecutorService.java:38)\r\n\tat org.junit.platform.engine.support.hierarchical.NodeTestTask.lambda$executeRecursively$5(NodeTestTask.java:139)\r\n\tat org.junit.platform.engine.support.hierarchical.ThrowableCollector.execute(ThrowableCollector.java:73)\r\n\tat org.junit.platform.engine.support.hierarchical.NodeTestTask.lambda$executeRecursively$7(NodeTestTask.java:125)\r\n\tat org.junit.platform.engine.support.hierarchical.Node.around(Node.java:135)\r\n\tat org.junit.platform.engine.support.hierarchical.NodeTestTask.lambda$executeRecursively$8(NodeTestTask.java:123)\r\n\tat org.junit.platform.engine.support.hierarchical.ThrowableCollector.execute(ThrowableCollector.java:73)\r\n\tat org.junit.platform.engine.support.hierarchical.NodeTestTask.executeRecursively(NodeTestTask.java:122)\r\n\tat org.junit.platform.engine.support.hierarchical.NodeTestTask.execute(NodeTestTask.java:80)\r\n\tat java.base/java.util.ArrayList.forEach(ArrayList.java:1507)\r\n\tat org.junit.platform.engine.support.hierarchical.SameThreadHierarchicalTestExecutorService.invokeAll(SameThreadHierarchicalTestExecutorService.java:38)\r\n\tat org.junit.platform.engine.support.hierarchical.NodeTestTask.lambda$executeRecursively$5(NodeTestTask.java:139)\r\n\tat org.junit.platform.engine.support.hierarchical.ThrowableCollector.execute(ThrowableCollector.java:73)\r\n\tat org.junit.platform.engine.support.hierarchical.NodeTestTask.lambda$executeRecursively$7(NodeTestTask.java:125)\r\n\tat org.junit.platform.engine.support.hierarchical.Node.around(Node.java:135)\r\n\tat org.junit.platform.engine.support.hierarchical.NodeTestTask.lambda$executeRecursively$8(NodeTestTask.java:123)\r\n\tat org.junit.platform.engine.support.hierarchical.ThrowableCollector.execute(ThrowableCollector.java:73)\r\n\tat org.junit.platform.engine.support.hierarchical.NodeTestTask.executeRecursively(NodeTestTask.java:122)\r\n\tat org.junit.platform.engine.support.hierarchical.NodeTestTask.execute(NodeTestTask.java:80)\r\n\tat org.junit.platform.engine.support.hierarchical.SameThreadHierarchicalTestExecutorService.submit(SameThreadHierarchicalTestExecutorService.java:32)\r\n\tat org.junit.platform.engine.support.hierarchical.HierarchicalTestExecutor.execute(HierarchicalTestExecutor.java:57)\r\n\tat org.junit.platform.engine.support.hierarchical.HierarchicalTestEngine.execute(HierarchicalTestEngine.java:51)\r\n\tat org.junit.platform.launcher.core.DefaultLauncher.execute(DefaultLauncher.java:248)\r\n\tat org.junit.platform.launcher.core.DefaultLauncher.lambda$execute$5(DefaultLauncher.java:211)\r\n\tat org.junit.platform.launcher.core.DefaultLauncher.withInterceptedStreams(DefaultLauncher.java:226)\r\n\tat org.junit.platform.launcher.core.DefaultLauncher.execute(DefaultLauncher.java:199)\r\n\tat org.junit.platform.launcher.core.DefaultLauncher.execute(DefaultLauncher.java:132)\r\n\tat com.intellij.junit5.JUnit5IdeaTestRunner.startRunnerWithArgs(JUnit5IdeaTestRunner.java:69)\r\n\tat com.intellij.rt.junit.IdeaTestRunner$Repeater.startRunnerWithArgs(IdeaTestRunner.java:33)\r\n\tat com.intellij.rt.junit.JUnitStarter.prepareStreamsAndStart(JUnitStarter.java:230)\r\n\tat com.intellij.rt.junit.JUnitStarter.main(JUnitStarter.java:58)\r\n"},"stage":"finished","description":"","steps":[{"name":"Проверка наличия ссылки {link}","status":"failed","statusDetails":{"known":false,"muted":false,"flaky":false,"message":"В выборке не все телефоны","trace":"java.lang.AssertionError: В выборке не все телефоны\r\n\tat org.junit.Assert.fail(Assert.java:89)\r\n\tat org.junit.Assert.assertTrue(Assert.java:42)\r\n\tat test.ui.com.google.Steps.checkSearch(Steps.java:23)\r\n\tat test.ui.com.google.Tests.testYandexMarketTaskStep(Tests.java:25)\r\n\tat java.base/jdk.internal.reflect.NativeMethodAccessorImpl.invoke0(Native Method)\r\n\tat java.base/jdk.internal.reflect.NativeMethodAccessorImpl.invoke(NativeMethodAccessorImpl.java:62)\r\n\tat java.base/jdk.internal.reflect.DelegatingMethodAccessorImpl.invoke(DelegatingMethodAccessorImpl.java:43)\r\n\tat java.base/java.lang.reflect.Method.invoke(Method.java:567)\r\n\tat org.junit.platform.commons.util.ReflectionUtils.invokeMethod(ReflectionUtils.java:686)\r\n\tat org.junit.jupiter.engine.execution.MethodInvocation.proceed(MethodInvocation.java:60)\r\n\tat org.junit.jupiter.engine.execution.InvocationInterceptorChain$ValidatingInvocation.proceed(InvocationInterceptorChain.java:131)\r\n\tat org.junit.jupiter.engine.extension.TimeoutExtension.intercept(TimeoutExtension.java:149)\r\n\tat org.junit.jupiter.engine.extension.TimeoutExtension.interceptTestableMethod(TimeoutExtension.java:140)\r\n\tat org.junit.jupiter.engine.extension.TimeoutExtension.interceptTestMethod(TimeoutExtension.java:84)\r\n\tat org.junit.jupiter.engine.execution.ExecutableInvoker$ReflectiveInterceptorCall.lambda$ofVoidMethod$0(ExecutableInvoker.java:115)\r\n\tat org.junit.jupiter.engine.execution.ExecutableInvoker.lambda$invoke$0(ExecutableInvoker.java:105)\r\n\tat org.junit.jupiter.engine.execution.InvocationInterceptorChain$InterceptedInvocation.proceed(InvocationInterceptorChain.java:106)\r\n\tat org.junit.jupiter.engine.execution.InvocationInterceptorChain.proceed(InvocationInterceptorChain.java:64)\r\n\tat org.junit.jupiter.engine.execution.InvocationInterceptorChain.chainAndInvoke(InvocationInterceptorChain.java:45)\r\n\tat org.junit.jupiter.engine.execution.InvocationInterceptorChain.invoke(InvocationInterceptorChain.java:37)\r\n\tat org.junit.jupiter.engine.execution.ExecutableInvoker.invoke(ExecutableInvoker.java:104)\r\n\tat org.junit.jupiter.engine.execution.ExecutableInvoker.invoke(ExecutableInvoker.java:98)\r\n\tat org.junit.jupiter.engine.descriptor.TestMethodTestDescriptor.lambda$invokeTestMethod$6(TestMethodTestDescriptor.java:212)\r\n\tat org.junit.platform.engine.support.hierarchical.ThrowableCollector.execute(ThrowableCollector.java:73)\r\n\tat org.junit.jupiter.engine.descriptor.TestMethodTestDescriptor.invokeTestMethod(TestMethodTestDescriptor.java:208)\r\n\tat org.junit.jupiter.engine.descriptor.TestMethodTestDescriptor.execute(TestMethodTestDescriptor.java:137)\r\n\tat org.junit.jupiter.engine.descriptor.TestMethodTestDescriptor.execute(TestMethodTestDescriptor.java:71)\r\n\tat org.junit.platform.engine.support.hierarchical.NodeTestTask.lambda$executeRecursively$5(NodeTestTask.java:135)\r\n\tat org.junit.platform.engine.support.hierarchical.ThrowableCollector.execute(ThrowableCollector.java:73)\r\n\tat org.junit.platform.engine.support.hierarchical.NodeTestTask.lambda$executeRecursively$7(NodeTestTask.java:125)\r\n\tat org.junit.platform.engine.support.hierarchical.Node.around(Node.java:135)\r\n\tat org.junit.platform.engine.support.hierarchical.NodeTestTask.lambda$executeRecursively$8(NodeTestTask.java:123)\r\n\tat org.junit.platform.engine.support.hierarchical.ThrowableCollector.execute(ThrowableCollector.java:73)\r\n\tat org.junit.platform.engine.support.hierarchical.NodeTestTask.executeRecursively(NodeTestTask.java:122)\r\n\tat org.junit.platform.engine.support.hierarchical.NodeTestTask.execute(NodeTestTask.java:80)\r\n\tat java.base/java.util.ArrayList.forEach(ArrayList.java:1507)\r\n\tat org.junit.platform.engine.support.hierarchical.SameThreadHierarchicalTestExecutorService.invokeAll(SameThreadHierarchicalTestExecutorService.java:38)\r\n\tat org.junit.platform.engine.support.hierarchical.NodeTestTask.lambda$executeRecursively$5(NodeTestTask.java:139)\r\n\tat org.junit.platform.engine.support.hierarchical.ThrowableCollector.execute(ThrowableCollector.java:73)\r\n\tat org.junit.platform.engine.support.hierarchical.NodeTestTask.lambda$executeRecursively$7(NodeTestTask.java:125)\r\n\tat org.junit.platform.engine.support.hierarchical.Node.around(Node.java:135)\r\n\tat org.junit.platform.engine.support.hierarchical.NodeTestTask.lambda$executeRecursively$8(NodeTestTask.java:123)\r\n\tat org.junit.platform.engine.support.hierarchical.ThrowableCollector.execute(ThrowableCollector.java:73)\r\n\tat org.junit.platform.engine.support.hierarchical.NodeTestTask.executeRecursively(NodeTestTask.java:122)\r\n\tat org.junit.platform.engine.support.hierarchical.NodeTestTask.execute(NodeTestTask.java:80)\r\n\tat java.base/java.util.ArrayList.forEach(ArrayList.java:1507)\r\n\tat org.junit.platform.engine.support.hierarchical.SameThreadHierarchicalTestExecutorService.invokeAll(SameThreadHierarchicalTestExecutorService.java:38)\r\n\tat org.junit.platform.engine.support.hierarchical.NodeTestTask.lambda$executeRecursively$5(NodeTestTask.java:139)\r\n\tat org.junit.platform.engine.support.hierarchical.ThrowableCollector.execute(ThrowableCollector.java:73)\r\n\tat org.junit.platform.engine.support.hierarchical.NodeTestTask.lambda$executeRecursively$7(NodeTestTask.java:125)\r\n\tat org.junit.platform.engine.support.hierarchical.Node.around(Node.java:135)\r\n\tat org.junit.platform.engine.support.hierarchical.NodeTestTask.lambda$executeRecursively$8(NodeTestTask.java:123)\r\n\tat org.junit.platform.engine.support.hierarchical.ThrowableCollector.execute(ThrowableCollector.java:73)\r\n\tat org.junit.platform.engine.support.hierarchical.NodeTestTask.executeRecursively(NodeTestTask.java:122)\r\n\tat org.junit.platform.engine.support.hierarchical.NodeTestTask.execute(NodeTestTask.java:80)\r\n\tat org.junit.platform.engine.support.hierarchical.SameThreadHierarchicalTestExecutorService.submit(SameThreadHierarchicalTestExecutorService.java:32)\r\n\tat org.junit.platform.engine.support.hierarchical.HierarchicalTestExecutor.execute(HierarchicalTestExecutor.java:57)\r\n\tat org.junit.platform.engine.support.hierarchical.HierarchicalTestEngine.execute(HierarchicalTestEngine.java:51)\r\n\tat org.junit.platform.launcher.core.DefaultLauncher.execute(DefaultLauncher.java:248)\r\n\tat org.junit.platform.launcher.core.DefaultLauncher.lambda$execute$5(DefaultLauncher.java:211)\r\n\tat org.junit.platform.launcher.core.DefaultLauncher.withInterceptedStreams(DefaultLauncher.java:226)\r\n\tat org.junit.platform.launcher.core.DefaultLauncher.execute(DefaultLauncher.java:199)\r\n\tat org.junit.platform.launcher.core.DefaultLauncher.execute(DefaultLauncher.java:132)\r\n\tat com.intellij.junit5.JUnit5IdeaTestRunner.startRunnerWithArgs(JUnit5IdeaTestRunner.java:69)\r\n\tat com.intellij.rt.junit.IdeaTestRunner$Repeater.startRunnerWithArgs(IdeaTestRunner.java:33)\r\n\tat com.intellij.rt.junit.JUnitStarter.prepareStreamsAndStart(JUnitStarter.java:230)\r\n\tat com.intellij.rt.junit.JUnitStarter.main(JUnitStarter.java:58)\r\n"},"stage":"finished","steps":[],"attachments":[],"parameters":[{"name":"driver","value":"ChromeDriver: chrome on WINDOWS (825e192bf693bf56470cefa4d68a0c37)"},{"name":"resultsSearch","value":"[{WEB_ELEMENT=[[ChromeDriver: chrome on WINDOWS (825e192bf693bf56470cefa4d68a0c37)] -> xpath: //div[contains(@class, 'n-snippet-cell2__header')]//a], Text=Смартфон  iPhone 11 128GB}, {WEB_ELEMENT=[[ChromeDriver: chrome on WINDOWS (825e192bf693bf56470cefa4d68a0c37)] -> xpath: //div[contains(@class, 'n-snippet-cell2__header')]//a], Text=Смартфон  iPhone 11 128GB}, {WEB_ELEMENT=[[ChromeDriver: chrome on WINDOWS (825e192bf693bf56470cefa4d68a0c37)] -> xpath: //div[contains(@class, 'n-snippet-cell2__header')]//a], Text=Смартфон  iPhone 11 128GB}, {WEB_ELEMENT=[[ChromeDriver: chrome on WINDOWS (825e192bf693bf56470cefa4d68a0c37)] -> xpath: //div[contains(@class, 'n-snippet-cell2__header')]//a], Text=Смартфон  iPhone 11 128GB}, {WEB_ELEMENT=[[ChromeDriver: chrome on WINDOWS (825e192bf693bf56470cefa4d68a0c37)] -> xpath: //div[contains(@class, 'n-snippet-cell2__header')]//a], Text=Смартфон  iPhone 11 128GB}, {WEB_ELEMENT=[[ChromeDriver: chrome on WINDOWS (825e192bf693bf56470cefa4d68a0c37)] -> xpath: //div[contains(@class, 'n-snippet-cell2__header')]//a], Text=Смартфон  iPhone 11 128GB}, {WEB_ELEMENT=[[ChromeDriver: chrome on WINDOWS (825e192bf693bf56470cefa4d68a0c37)] -> xpath: //div[contains(@class, 'n-snippet-cell2__header')]//a], Text=Смартфон  iPhone 11 128GB}, {WEB_ELEMENT=[[ChromeDriver: chrome on WINDOWS (825e192bf693bf56470cefa4d68a0c37)] -> xpath: //div[contains(@class, 'n-snippet-cell2__header')]//a], Text=Смартфон  iPhone 11 128GB}, {WEB_ELEMENT=[[ChromeDriver: chrome on WINDOWS (825e192bf693bf56470cefa4d68a0c37)] -> xpath: //div[contains(@class, 'n-snippet-cell2__header')]//a], Text=Смартфон  iPhone 11 128GB}, {WEB_ELEMENT=[[ChromeDriver: chrome on WINDOWS (825e192bf693bf56470cefa4d68a0c37)] -> xpath: //div[contains(@class, 'n-snippet-cell2__header')]//a], Text=Смартфон  iPhone 11 128GB}, {WEB_ELEMENT=[[ChromeDriver: chrome on WINDOWS (825e192bf693bf56470cefa4d68a0c37)] -> xpath: //div[contains(@class, 'n-snippet-cell2__header')]//a], Text=Смартфон  iPhone 11 128GB}, {WEB_ELEMENT=[[ChromeDriver: chrome on WINDOWS (825e192bf693bf56470cefa4d68a0c37)] -> xpath: //div[contains(@class, 'n-snippet-cell2__header')]//a], Text=Смартфон  iPhone 11 128GB}, {WEB_ELEMENT=[[ChromeDriver: chrome on WINDOWS (825e192bf693bf56470cefa4d68a0c37)] -> xpath: //div[contains(@class, 'n-snippet-cell2__header')]//a], Text=Смартфон  iPhone 11 128GB}, {WEB_ELEMENT=[[ChromeDriver: chrome on WINDOWS (825e192bf693bf56470cefa4d68a0c37)] -> xpath: //div[contains(@class, 'n-snippet-cell2__header')]//a], Text=Смартфон  iPhone 11 128GB}, {WEB_ELEMENT=[[ChromeDriver: chrome on WINDOWS (825e192bf693bf56470cefa4d68a0c37)] -> xpath: //div[contains(@class, 'n-snippet-cell2__header')]//a], Text=Смартфон  iPhone 11 128GB}, {WEB_ELEMENT=[[ChromeDriver: chrome on WINDOWS (825e192bf693bf56470cefa4d68a0c37)] -> xpath: //div[contains(@class, 'n-snippet-cell2__header')]//a], Text=Смартфон  iPhone 11 128GB}, {WEB_ELEMENT=[[ChromeDriver: chrome on WINDOWS (825e192bf693bf56470cefa4d68a0c37)] -> xpath: //div[contains(@class, 'n-snippet-cell2__header')]//a], Text=Смартфон  iPhone 11 128GB}, {WEB_ELEMENT=[[ChromeDriver: chrome on WINDOWS (825e192bf693bf56470cefa4d68a0c37)] -> xpath: //div[contains(@class, 'n-snippet-cell2__header')]//a], Text=Смартфон  iPhone 11 128GB}, {WEB_ELEMENT=[[ChromeDriver: chrome on WINDOWS (825e192bf693bf56470cefa4d68a0c37)] -> xpath: //div[contains(@class, 'n-snippet-cell2__header')]//a], Text=Смартфон  iPhone 11 128GB}, {WEB_ELEMENT=[[ChromeDriver: chrome on WINDOWS (825e192bf693bf56470cefa4d68a0c37)] -> xpath: //div[contains(@class, 'n-snippet-cell2__header')]//a], Text=Смартфон  iPhone 11 128GB}, {WEB_ELEMENT=[[ChromeDriver: chrome on WINDOWS (825e192bf693bf56470cefa4d68a0c37)] -> xpath: //div[contains(@class, 'n-snippet-cell2__header')]//a], Text=Смартфон  iPhone 11 128GB}, {WEB_ELEMENT=[[ChromeDriver: chrome on WINDOWS (825e192bf693bf56470cefa4d68a0c37)] -> xpath: //div[contains(@class, 'n-snippet-cell2__header')]//a], Text=Смартфон  iPhone 11 128GB}, {WEB_ELEMENT=[[ChromeDriver: chrome on WINDOWS (825e192bf693bf56470cefa4d68a0c37)] -> xpath: //div[contains(@class, 'n-snippet-cell2__header')]//a], Text=Смартфон  iPhone 11 128GB}, {WEB_ELEMENT=[[ChromeDriver: chrome on WINDOWS (825e192bf693bf56470cefa4d68a0c37)] -> xpath: //div[contains(@class, 'n-snippet-cell2__header')]//a], Text=Смартфон  iPhone 11 128GB}, {WEB_ELEMENT=[[ChromeDriver: chrome on WINDOWS (825e192bf693bf56470cefa4d68a0c37)] -> xpath: //div[contains(@class, 'n-snippet-cell2__header')]//a], Text=Смартфон  iPhone 11 128GB}, {WEB_ELEMENT=[[ChromeDriver: chrome on WINDOWS (825e192bf693bf56470cefa4d68a0c37)] -> xpath: //div[contains(@class, 'n-snippet-cell2__header')]//a], Text=Смартфон  iPhone 11 128GB}, {WEB_ELEMENT=[[ChromeDriver: chrome on WINDOWS (825e192bf693bf56470cefa4d68a0c37)] -> xpath: //div[contains(@class, 'n-snippet-cell2__header')]//a], Text=Смартфон  iPhone 11 128GB}, {WEB_ELEMENT=[[ChromeDriver: chrome on WINDOWS (825e192bf693bf56470cefa4d68a0c37)] -> xpath: //div[contains(@class, 'n-snippet-cell2__header')]//a], Text=Смартфон  iPhone 11 128GB}, {WEB_ELEMENT=[[ChromeDriver: chrome on WINDOWS (825e192bf693bf56470cefa4d68a0c37)] -> xpath: //div[contains(@class, 'n-snippet-cell2__header')]//a], Text=Смартфон  iPhone 11 128GB}, {WEB_ELEMENT=[[ChromeDriver: chrome on WINDOWS (825e192bf693bf56470cefa4d68a0c37)] -> xpath: //div[contains(@class, 'n-snippet-cell2__header')]//a], Text=Смартфон  iPhone 11 128GB}, {WEB_ELEMENT=[[ChromeDriver: chrome on WINDOWS (825e192bf693bf56470cefa4d68a0c37)] -> xpath: //div[contains(@class, 'n-snippet-cell2__header')]//a], Text=Смартфон  iPhone 11 128GB}, {WEB_ELEMENT=[[ChromeDriver: chrome on WINDOWS (825e192bf693bf56470cefa4d68a0c37)] -> xpath: //div[contains(@class, 'n-snippet-cell2__header')]//a], Text=Смартфон  iPhone 11 128GB}, {WEB_ELEMENT=[[ChromeDriver: chrome on WINDOWS (825e192bf693bf56470cefa4d68a0c37)] -> xpath: //div[contains(@class, 'n-snippet-cell2__header')]//a], Text=Смартфон  iPhone 11 128GB}, {WEB_ELEMENT=[[ChromeDriver: chrome on WINDOWS (825e192bf693bf56470cefa4d68a0c37)] -> xpath: //div[contains(@class, 'n-snippet-cell2__header')]//a], Text=Смартфон  iPhone 11 128GB}, {WEB_ELEMENT=[[ChromeDriver: chrome on WINDOWS (825e192bf693bf56470cefa4d68a0c37)] -> xpath: //div[contains(@class, 'n-snippet-cell2__header')]//a], Text=Смартфон  iPhone 11 128GB}, {WEB_ELEMENT=[[ChromeDriver: chrome on WINDOWS (825e192bf693bf56470cefa4d68a0c37)] -> xpath: //div[contains(@class, 'n-snippet-cell2__header')]//a], Text=Смартфон  iPhone 11 128GB}, {WEB_ELEMENT=[[ChromeDriver: chrome on WINDOWS (825e192bf693bf56470cefa4d68a0c37)] -> xpath: //div[contains(@class, 'n-snippet-cell2__header')]//a], Text=Смартфон  iPhone 11 128GB}, {WEB_ELEMENT=[[ChromeDriver: chrome on WINDOWS (825e192bf693bf56470cefa4d68a0c37)] -> xpath: //div[contains(@class, 'n-snippet-cell2__header')]//a], Text=Смартфон  iPhone 11 128GB}, {WEB_ELEMENT=[[ChromeDriver: chrome on WINDOWS (825e192bf693bf56470cefa4d68a0c37)] -> xpath: //div[contains(@class, 'n-snippet-cell2__header')]//a], Text=Смартфон  iPhone 11 128GB}, {WEB_ELEMENT=[[ChromeDriver: chrome on WINDOWS (825e192bf693bf56470cefa4d68a0c37)] -> xpath: //div[contains(@class, 'n-snippet-cell2__header')]//a], Text=Смартфон  iPhone 11 128GB}, {WEB_ELEMENT=[[ChromeDriver: chrome on WINDOWS (825e192bf693bf56470cefa4d68a0c37)] -> xpath: //div[contains(@class, 'n-snippet-cell2__header')]//a], Text=Смартфон  iPhone 11 128GB}, {WEB_ELEMENT=[[ChromeDriver: chrome on WINDOWS (825e192bf693bf56470cefa4d68a0c37)] -> xpath: //div[contains(@class, 'n-snippet-cell2__header')]//a], Text=Смартфон  iPhone 11 128GB}, {WEB_ELEMENT=[[ChromeDriver: chrome on WINDOWS (825e192bf693bf56470cefa4d68a0c37)] -> xpath: //div[contains(@class, 'n-snippet-cell2__header')]//a], Text=Смартфон  iPhone 11 128GB}, {WEB_ELEMENT=[[ChromeDriver: chrome on WINDOWS (825e192bf693bf56470cefa4d68a0c37)] -> xpath: //div[contains(@class, 'n-snippet-cell2__header')]//a], Text=Смартфон  iPhone 11 128GB}]"},{"name":"Text","value":"Срамфон"}],"start":1586648854693,"stop":1586648854700}],"attachments":[],"parameters":[],"start":1586648838756,"stop":1586648855346,"uuid":"afac191a-ebe7-4f12-88e8-6a3f1e5a01da","historyId":"8406fda0e4dbd1b86b46c380003ffa96","fullName":"test.ui.com.google.Tests.testYandexMarketTaskStep","labels":[{"name":"host","value":"User-PC"},{"name":"thread","value":"11848@User-PC.main(1)"},{"name":"framework","value":"junit-platform"},{"name":"language","value":"java"},{"name":"package","value":"test.ui.com.google.Tests"},{"name":"testClass","value":"test.ui.com.google.Tests"},{"name":"testMethod","value":"testYandexMarketTaskStep"},{"name":"suite","value":"test.ui.com.google.Tests"}],"links":[]}